#
# A fatal error has been detected by the Java Runtime Environment:
#
#  Internal Error (javaClasses.cpp:129), pid=1972, tid=7372
#  fatal error: Invalid layout of preloaded class
#
# JRE version: 7.0_10-b18
# Java VM: Java HotSpot(TM) 64-Bit Server VM (23.6-b04 mixed mode windows-amd64 compressed oops)
# Failed to write core dump. Minidumps are not enabled by default on client versions of Windows
#
# If you would like to submit a bug report, please visit:
#   http://bugreport.sun.com/bugreport/crash.jsp
#

---------------  T H R E A D  ---------------

Current thread (0x00000000004ed000):  JavaThread "Unknown thread" [_thread_in_vm, id=7372, stack(0x00000000024f0000,0x00000000025f0000)]

Stack: [0x00000000024f0000,0x00000000025f0000]

---------------  P R O C E S S  ---------------

Java Threads: ( => current thread )

Other Threads:

=>0x00000000004ed000 (exited) JavaThread "Unknown thread" [_thread_in_vm, id=7372, stack(0x00000000024f0000,0x00000000025f0000)]

VM state:not at safepoint (not fully initialized)

VM Mutex/Monitor currently owned by a thread: None

GC Heap History (0 events):
No events

Deoptimization events (0 events):
No events

Internal exceptions (0 events):
No events

Events (10 events):
Event: 0.006 loading class 0x00000000021a4b30 done
Event: 0.007 loading class 0x0000000002162d90 done
Event: 0.007 loading class 0x0000000002162d60
Event: 0.007 loading class 0x00000000021b16d0
Event: 0.007 loading class 0x00000000021b16d0 done
Event: 0.007 loading class 0x00000000021b1710
Event: 0.007 loading class 0x00000000021b1710 done
Event: 0.007 loading class 0x00000000021fa8a0
Event: 0.007 loading class 0x00000000021fa8a0 done
Event: 0.007 loading class 0x0000000002162d60 done


Dynamic libraries:
0x000000013f7c0000 - 0x000000013f7f3000 	C:\Program Files\Java\jre7\bin\javaw.exe
0x0000000077440000 - 0x00000000775e9000 	C:\Windows\SYSTEM32\ntdll.dll
0x0000000077320000 - 0x000000007743f000 	C:\Windows\system32\kernel32.dll
0x000007fefc500000 - 0x000007fefc56c000 	C:\Windows\system32\KERNELBASE.dll
0x000007fefd040000 - 0x000007fefd11b000 	C:\Windows\system32\ADVAPI32.dll
0x000007fefcc20000 - 0x000007fefccbf000 	C:\Windows\system32\msvcrt.dll
0x000007fefc5d0000 - 0x000007fefc5ef000 	C:\Windows\SYSTEM32\sechost.dll
0x000007fefcaf0000 - 0x000007fefcc1d000 	C:\Windows\system32\RPCRT4.dll
0x0000000077220000 - 0x000000007731a000 	C:\Windows\system32\USER32.dll
0x000007fefca80000 - 0x000007fefcae7000 	C:\Windows\system32\GDI32.dll
0x000007fefc5f0000 - 0x000007fefc5fe000 	C:\Windows\system32\LPK.dll
0x000007fefc650000 - 0x000007fefc719000 	C:\Windows\system32\USP10.dll
0x000007fefac20000 - 0x000007fefae14000 	C:\Windows\WinSxS\amd64_microsoft.windows.common-controls_6595b64144ccf1df_6.0.7601.17514_none_fa396087175ac9ac\COMCTL32.dll
0x000007fefca00000 - 0x000007fefca71000 	C:\Windows\system32\SHLWAPI.dll
0x000007fefccc0000 - 0x000007fefccee000 	C:\Windows\system32\IMM32.DLL
0x000007fefc720000 - 0x000007fefc829000 	C:\Windows\system32\MSCTF.dll
0x0000000064a40000 - 0x0000000064b11000 	C:\Program Files\Java\jre7\bin\msvcr100.dll
0x0000000050ec0000 - 0x00000000515df000 	C:\Program Files\Java\jre7\bin\server\jvm.dll
0x000007fef9c60000 - 0x000007fef9c69000 	C:\Windows\system32\WSOCK32.dll
0x000007fefc600000 - 0x000007fefc64d000 	C:\Windows\system32\WS2_32.dll
0x000007fefc970000 - 0x000007fefc978000 	C:\Windows\system32\NSI.dll
0x000007fef9c90000 - 0x000007fef9ccb000 	C:\Windows\system32\WINMM.dll
0x0000000077610000 - 0x0000000077617000 	C:\Windows\system32\PSAPI.DLL
0x0000000070980000 - 0x000000007098f000 	C:\Program Files\Java\jre7\bin\verify.dll
0x000000006e760000 - 0x000000006e788000 	C:\Program Files\Java\jre7\bin\java.dll
0x0000000071890000 - 0x00000000718c5000 	C:\Program Files\Java\jre7\bin\jdwp.dll
0x0000000071900000 - 0x0000000071908000 	C:\Program Files\Java\jre7\bin\npt.dll
0x0000000070960000 - 0x0000000070975000 	C:\Program Files\Java\jre7\bin\zip.dll

VM Arguments:
jvm_args: -agentlib:jdwp=transport=dt_socket,suspend=y,address=localhost:50623 -Dfile.encoding=Cp1252 -Xbootclasspath:C:\Program Files\Eclipse\adt-bundle-windows-x86_64-20140702\sdk\platforms\android-20\android.jar 
java_command: se.scanman.scanman.XmlParser
Launcher Type: SUN_STANDARD

Environment Variables:
JAVA_HOME=C:\Program Files\Java\jdk1.7.0_10
CLASSPATH=C:\Program Files\Selenium\selenium-java-2.43.1\selenium-2.43.1;
PATH=C:\Program Files (x86)\NVIDIA Corporation\PhysX\Common;C:\Program Files\Common Files\Microsoft Shared\Windows Live;C:\Program Files (x86)\Common Files\Microsoft Shared\Windows Live;C:\Program Files (x86)\Intel\iCLS Client\;C:\Program Files\Intel\iCLS Client\;C:\Windows\system32;C:\Windows;C:\Windows\System32\Wbem;C:\Windows\System32\WindowsPowerShell\v1.0\;C:\Program Files\Intel\Intel(R) Management Engine Components\DAL;C:\Program Files\Intel\Intel(R) Management Engine Components\IPT;C:\Program Files (x86)\Intel\Intel(R) Management Engine Components\DAL;C:\Program Files (x86)\Intel\Intel(R) Management Engine Components\IPT;C:\Program Files (x86)\Windows Live\Shared;E:\Programs\apache-maven-3.2.3\bin;C:\Program Files\Java\jdk1.7.0_10\bin;
USERNAME=Rickard
OS=Windows_NT
PROCESSOR_IDENTIFIER=Intel64 Family 6 Model 58 Stepping 9, GenuineIntel



---------------  S Y S T E M  ---------------

OS: Windows 7 , 64 bit Build 7601 Service Pack 1

CPU:total 4 (4 cores per cpu, 1 threads per core) family 6 model 58 stepping 9, cmov, cx8, fxsr, mmx, sse, sse2, sse3, ssse3, sse4.1, sse4.2, popcnt, avx, tsc, tscinvbit, tscinv

Memory: 4k page, physical 8341060k(3826932k free), swap 16680256k(10318768k free)

vm_info: Java HotSpot(TM) 64-Bit Server VM (23.6-b04) for windows-amd64 JRE (1.7.0_10-b18), built on Nov 28 2012 05:00:40 by "java_re" with unknown MS VC++:1600

time: Sat Oct 18 18:42:06 2014
elapsed time: 0 seconds

